0 info it worked if it ends with ok
1 verbose cli [ 'C:\\Program Files\\nodejs\\\\node.exe',
1 verbose cli   'C:\\Program Files\\nodejs\\node_modules\\npm\\bin\\npm-cli.js',
1 verbose cli   'publish' ]
2 info using npm@1.4.3
3 info using node@v0.10.26
4 verbose node symlink C:\Program Files\nodejs\\node.exe
5 verbose publish [ '.' ]
6 verbose cache add [ '.', null ]
7 verbose cache add name=undefined spec="." args=[".",null]
8 verbose parsed url { protocol: null,
8 verbose parsed url   slashes: null,
8 verbose parsed url   auth: null,
8 verbose parsed url   host: null,
8 verbose parsed url   port: null,
8 verbose parsed url   hostname: null,
8 verbose parsed url   hash: null,
8 verbose parsed url   search: null,
8 verbose parsed url   query: null,
8 verbose parsed url   pathname: '.',
8 verbose parsed url   path: '.',
8 verbose parsed url   href: '.' }
9 silly lockFile 3a52ce78- .
10 verbose lock . C:\Users\s.kamardin\AppData\Roaming\npm-cache\3a52ce78-.lock
11 verbose tar pack [ 'C:\\Users\\S924F~1.KAM\\AppData\\Local\\Temp\\npm-6856-Jg3xaTVp\\1404830027052-0.3777402569539845\\tmp.tgz',
11 verbose tar pack   '.' ]
12 verbose tarball C:\Users\S924F~1.KAM\AppData\Local\Temp\npm-6856-Jg3xaTVp\1404830027052-0.3777402569539845\tmp.tgz
13 verbose folder .
14 info prepublish gulp-safe@0.2.1
15 silly lockFile 1f1177db-tar tar://.
16 verbose lock tar://. C:\Users\s.kamardin\AppData\Roaming\npm-cache\1f1177db-tar.lock
17 silly lockFile 31c7f19e-27052-0-3777402569539845-tmp-tgz tar://C:\Users\S924F~1.KAM\AppData\Local\Temp\npm-6856-Jg3xaTVp\1404830027052-0.3777402569539845\tmp.tgz
18 verbose lock tar://C:\Users\S924F~1.KAM\AppData\Local\Temp\npm-6856-Jg3xaTVp\1404830027052-0.3777402569539845\tmp.tgz C:\Users\s.kamardin\AppData\Roaming\npm-cache\31c7f19e-27052-0-3777402569539845-tmp-tgz.lock
19 silly lockFile 1f1177db-tar tar://.
20 silly lockFile 1f1177db-tar tar://.
21 silly lockFile 31c7f19e-27052-0-3777402569539845-tmp-tgz tar://C:\Users\S924F~1.KAM\AppData\Local\Temp\npm-6856-Jg3xaTVp\1404830027052-0.3777402569539845\tmp.tgz
22 silly lockFile 31c7f19e-27052-0-3777402569539845-tmp-tgz tar://C:\Users\S924F~1.KAM\AppData\Local\Temp\npm-6856-Jg3xaTVp\1404830027052-0.3777402569539845\tmp.tgz
23 verbose tar unpack C:\Users\S924F~1.KAM\AppData\Local\Temp\npm-6856-Jg3xaTVp\1404830027052-0.3777402569539845\tmp.tgz
24 silly lockFile 553d1507-27052-0-3777402569539845-package tar://C:\Users\S924F~1.KAM\AppData\Local\Temp\npm-6856-Jg3xaTVp\1404830027052-0.3777402569539845\package
25 verbose lock tar://C:\Users\S924F~1.KAM\AppData\Local\Temp\npm-6856-Jg3xaTVp\1404830027052-0.3777402569539845\package C:\Users\s.kamardin\AppData\Roaming\npm-cache\553d1507-27052-0-3777402569539845-package.lock
26 silly lockFile 31c7f19e-27052-0-3777402569539845-tmp-tgz tar://C:\Users\S924F~1.KAM\AppData\Local\Temp\npm-6856-Jg3xaTVp\1404830027052-0.3777402569539845\tmp.tgz
27 verbose lock tar://C:\Users\S924F~1.KAM\AppData\Local\Temp\npm-6856-Jg3xaTVp\1404830027052-0.3777402569539845\tmp.tgz C:\Users\s.kamardin\AppData\Roaming\npm-cache\31c7f19e-27052-0-3777402569539845-tmp-tgz.lock
28 silly gunzTarPerm modes [ '755', '644' ]
29 silly gunzTarPerm extractEntry package.json
30 silly gunzTarPerm modified mode [ 'package.json', 438, 420 ]
31 silly gunzTarPerm extractEntry .npmignore
32 silly gunzTarPerm modified mode [ '.npmignore', 438, 420 ]
33 silly gunzTarPerm extractEntry index.js
34 silly gunzTarPerm modified mode [ 'index.js', 438, 420 ]
35 silly gunzTarPerm extractEntry test.js
36 silly gunzTarPerm modified mode [ 'test.js', 438, 420 ]
37 silly gunzTarPerm extractEntry readme.md
38 silly gunzTarPerm modified mode [ 'readme.md', 438, 420 ]
39 silly gunzTarPerm extractEntry test/fixtures/test.json
40 silly gunzTarPerm modified mode [ 'test/fixtures/test.json', 438, 420 ]
41 silly lockFile 553d1507-27052-0-3777402569539845-package tar://C:\Users\S924F~1.KAM\AppData\Local\Temp\npm-6856-Jg3xaTVp\1404830027052-0.3777402569539845\package
42 silly lockFile 553d1507-27052-0-3777402569539845-package tar://C:\Users\S924F~1.KAM\AppData\Local\Temp\npm-6856-Jg3xaTVp\1404830027052-0.3777402569539845\package
43 silly lockFile 31c7f19e-27052-0-3777402569539845-tmp-tgz tar://C:\Users\S924F~1.KAM\AppData\Local\Temp\npm-6856-Jg3xaTVp\1404830027052-0.3777402569539845\tmp.tgz
44 silly lockFile 31c7f19e-27052-0-3777402569539845-tmp-tgz tar://C:\Users\S924F~1.KAM\AppData\Local\Temp\npm-6856-Jg3xaTVp\1404830027052-0.3777402569539845\tmp.tgz
45 verbose tar pack [ 'C:\\Users\\s.kamardin\\AppData\\Roaming\\npm-cache\\gulp-safe\\0.2.1\\package.tgz',
45 verbose tar pack   'C:\\Users\\S924F~1.KAM\\AppData\\Local\\Temp\\npm-6856-Jg3xaTVp\\1404830027052-0.3777402569539845\\package' ]
46 verbose tarball C:\Users\s.kamardin\AppData\Roaming\npm-cache\gulp-safe\0.2.1\package.tgz
47 verbose folder C:\Users\S924F~1.KAM\AppData\Local\Temp\npm-6856-Jg3xaTVp\1404830027052-0.3777402569539845\package
48 silly lockFile 553d1507-27052-0-3777402569539845-package tar://C:\Users\S924F~1.KAM\AppData\Local\Temp\npm-6856-Jg3xaTVp\1404830027052-0.3777402569539845\package
49 verbose lock tar://C:\Users\S924F~1.KAM\AppData\Local\Temp\npm-6856-Jg3xaTVp\1404830027052-0.3777402569539845\package C:\Users\s.kamardin\AppData\Roaming\npm-cache\553d1507-27052-0-3777402569539845-package.lock
50 silly lockFile c0fe6e0c-ache-gulp-safe-0-2-1-package-tgz tar://C:\Users\s.kamardin\AppData\Roaming\npm-cache\gulp-safe\0.2.1\package.tgz
51 verbose lock tar://C:\Users\s.kamardin\AppData\Roaming\npm-cache\gulp-safe\0.2.1\package.tgz C:\Users\s.kamardin\AppData\Roaming\npm-cache\c0fe6e0c-ache-gulp-safe-0-2-1-package-tgz.lock
52 silly lockFile 553d1507-27052-0-3777402569539845-package tar://C:\Users\S924F~1.KAM\AppData\Local\Temp\npm-6856-Jg3xaTVp\1404830027052-0.3777402569539845\package
53 silly lockFile 553d1507-27052-0-3777402569539845-package tar://C:\Users\S924F~1.KAM\AppData\Local\Temp\npm-6856-Jg3xaTVp\1404830027052-0.3777402569539845\package
54 silly lockFile c0fe6e0c-ache-gulp-safe-0-2-1-package-tgz tar://C:\Users\s.kamardin\AppData\Roaming\npm-cache\gulp-safe\0.2.1\package.tgz
55 silly lockFile c0fe6e0c-ache-gulp-safe-0-2-1-package-tgz tar://C:\Users\s.kamardin\AppData\Roaming\npm-cache\gulp-safe\0.2.1\package.tgz
56 silly lockFile 778c985a-pm-cache-gulp-safe-0-2-1-package C:\Users\s.kamardin\AppData\Roaming\npm-cache\gulp-safe\0.2.1\package
57 verbose lock C:\Users\s.kamardin\AppData\Roaming\npm-cache\gulp-safe\0.2.1\package C:\Users\s.kamardin\AppData\Roaming\npm-cache\778c985a-pm-cache-gulp-safe-0-2-1-package.lock
58 silly lockFile 778c985a-pm-cache-gulp-safe-0-2-1-package C:\Users\s.kamardin\AppData\Roaming\npm-cache\gulp-safe\0.2.1\package
59 silly lockFile 778c985a-pm-cache-gulp-safe-0-2-1-package C:\Users\s.kamardin\AppData\Roaming\npm-cache\gulp-safe\0.2.1\package
60 verbose tar unpack C:\Users\s.kamardin\AppData\Roaming\npm-cache\gulp-safe\0.2.1\package.tgz
61 silly lockFile 8da8c6e6-pm-cache-gulp-safe-0-2-1-package tar://C:\Users\s.kamardin\AppData\Roaming\npm-cache\gulp-safe\0.2.1\package
62 verbose lock tar://C:\Users\s.kamardin\AppData\Roaming\npm-cache\gulp-safe\0.2.1\package C:\Users\s.kamardin\AppData\Roaming\npm-cache\8da8c6e6-pm-cache-gulp-safe-0-2-1-package.lock
63 silly lockFile c0fe6e0c-ache-gulp-safe-0-2-1-package-tgz tar://C:\Users\s.kamardin\AppData\Roaming\npm-cache\gulp-safe\0.2.1\package.tgz
64 verbose lock tar://C:\Users\s.kamardin\AppData\Roaming\npm-cache\gulp-safe\0.2.1\package.tgz C:\Users\s.kamardin\AppData\Roaming\npm-cache\c0fe6e0c-ache-gulp-safe-0-2-1-package-tgz.lock
65 silly gunzTarPerm modes [ '755', '644' ]
66 silly gunzTarPerm extractEntry package.json
67 silly gunzTarPerm modified mode [ 'package.json', 438, 420 ]
68 silly gunzTarPerm extractEntry .npmignore
69 silly gunzTarPerm modified mode [ '.npmignore', 438, 420 ]
70 silly gunzTarPerm extractEntry index.js
71 silly gunzTarPerm modified mode [ 'index.js', 438, 420 ]
72 silly gunzTarPerm extractEntry test.js
73 silly gunzTarPerm modified mode [ 'test.js', 438, 420 ]
74 silly gunzTarPerm extractEntry readme.md
75 silly gunzTarPerm modified mode [ 'readme.md', 438, 420 ]
76 silly gunzTarPerm extractEntry test/fixtures/test.json
77 silly gunzTarPerm modified mode [ 'test/fixtures/test.json', 438, 420 ]
78 silly lockFile 8da8c6e6-pm-cache-gulp-safe-0-2-1-package tar://C:\Users\s.kamardin\AppData\Roaming\npm-cache\gulp-safe\0.2.1\package
79 silly lockFile 8da8c6e6-pm-cache-gulp-safe-0-2-1-package tar://C:\Users\s.kamardin\AppData\Roaming\npm-cache\gulp-safe\0.2.1\package
80 silly lockFile c0fe6e0c-ache-gulp-safe-0-2-1-package-tgz tar://C:\Users\s.kamardin\AppData\Roaming\npm-cache\gulp-safe\0.2.1\package.tgz
81 silly lockFile c0fe6e0c-ache-gulp-safe-0-2-1-package-tgz tar://C:\Users\s.kamardin\AppData\Roaming\npm-cache\gulp-safe\0.2.1\package.tgz
82 verbose chmod C:\Users\s.kamardin\AppData\Roaming\npm-cache\gulp-safe\0.2.1\package.tgz 644
83 silly chown skipping for windows C:\Users\s.kamardin\AppData\Roaming\npm-cache\gulp-safe\0.2.1\package.tgz
84 silly lockFile 3a52ce78- .
85 silly lockFile 3a52ce78- .
86 silly publish { name: 'gulp-safe',
86 silly publish   version: '0.2.1',
86 silly publish   description: 'Safe proxy for output files',
86 silly publish   main: 'index.js',
86 silly publish   directories: { test: 'test' },
86 silly publish   scripts: { test: 'mocha test.js' },
86 silly publish   repository: { type: 'git', url: 'https://github.com/gobwas/gulp-safe.git' },
86 silly publish   keywords: [ 'gulpplugin', 'safe', 'backup', 'file', 'rename', 'postfix' ],
86 silly publish   author: { name: 'Sergey Kamardin', email: 'gobwas@gmail.com' },
86 silly publish   license: 'MIT',
86 silly publish   bugs: { url: 'https://github.com/gobwas/gulp-safe/issues' },
86 silly publish   homepage: 'https://github.com/gobwas/gulp-safe',
86 silly publish   dependencies:
86 silly publish    { through2: '^0.5.1',
86 silly publish      lodash: '^2.4.1',
86 silly publish      'gulp-util': '^2.2.19',
86 silly publish      ncp: '^0.5.1' },
86 silly publish   devDependencies:
86 silly publish    { rimraf: '^2.2.8',
86 silly publish      vinyl: '^0.2.3',
86 silly publish      mocha: '^1.20.1',
86 silly publish      chai: '^1.9.1' },
86 silly publish   readme: '# [gulp](http://gulpjs.com)-safe\n\n> Simple way to backup your files\n\nSimple pass through gulp plugin, that creates backup copy of your file(s) in two ways - by appending postfix to new, or, to existing file.\n\n## Getting started\n\nIf you haven\'t used [gulp](http://gulpjs.com) before, be sure to check out the [Getting Started](https://github.com/gulpjs/gulp/blob/master/docs/getting-started.md) guide.\n\nInstall with [npm](https://npmjs.org/package/gulp-safe)\n\n```\nnpm install --save-dev gulp-safe\n```\n\n## Overview\n\nHere quick example of simple way usage:\n\n```javascript\nvar gulp = require(\'gulp\'),\n\tsafe = require(\'gulp-safe\');\n\ngulp.task(\'make-my-awesome-files\', function() {\n\tvar dest;\n\n\tdest = "./my/dest/for/files";\n\n\treturn gulp.src("./src/my/files/*.json")\n\t\t.pipe(someCoolPlugin())\n\t\t.pipe(anotherCoolPlugin())\n\t\t.pipe(safe(dest)) // here we go! just backup already existing files before they overwritten\n\t\t.pipe(gulp.dest(dest));\n});\n```\n\n## API\n\n### safe(destination, [options])\n\n#### destination\n\nType: `String`\n\nThe destination directory. Same as you put into `gulp.dest()`.\n\nThis is needed to be able to compare the current existing files with the destination files.\n\n#### options\n\nType: `Object`\n\nThen options object.\n\nProperty     | Necessary | Type       | Plugin default value\n-------------|-----------|------------|---------------------\n[backup]     | no        | `Boolean`  | `true`\n[format]     | no        | `String`   | `"(%s)"`\n[generator]  | no        | `Function` | `null`\n\n#### options.backup\nType: `Boolean`\nDefault value: `true`\n\nDetermines for which file append postfix - if true, existing file will get the postfix, like it will be backuped. If false - the new one file will get the postfix.\n\n#### options.format\nType: `Boolean`\nDefault value: `"(%s)"`\n\nThe sprintf format of postfix. Be careful with it, cause if you will do not use `%s` pattern inside it, your plugin can fall in infinite loop.\n\n#### options.generator\nType: `Function`\nDefault value: `null`\nReturn type: `Function`\n\nCurrying generator of file version. Function takes one argument - the file. Then it must return initialized generator, that will be called in each time, when file is already exists. Initialized generator takes one argument, that is callback, that resolved in standard node way - `callback(err, version)`, where version is a `String`:\n```js\n\n\tsafe("path", {\n\t\tgenerator: function(file) {\n\t\t\treturn function(done) {\n\t\t\t\tgetSomeAsyncStuffWith(file)\n\t\t\t\t\t.then(function(result) {\n\t\t\t\t\t\tdone(null, result);\n\t\t\t\t\t})\n\t\t\t\t\t.catch(done);\n\t\t\t}\n\t\t}\n\t});\n\n```\n',
86 silly publish   readmeFilename: 'readme.md',
86 silly publish   _id: 'gulp-safe@0.2.1',
86 silly publish   dist: { shasum: 'bc01e86e63641376fae6adf3e37f847c393e7a41' },
86 silly publish   _from: '.' }
87 verbose url raw gulp-safe
88 verbose url resolving [ 'http://registry.npmjs.org/', './gulp-safe' ]
89 verbose url resolved http://registry.npmjs.org/gulp-safe
90 info trying registry request attempt 1 at 18:33:47
91 http PUT http://registry.npmjs.org/gulp-safe
92 http 403 http://registry.npmjs.org/gulp-safe
93 error publish Failed PUT 403
94 error Error: forbidden cannot modify pre-existing version: 0.2.1
94 error old={"name":"gulp-safe","version":"0.2.1","description":"Safe proxy for output files","main":"index.js","directories":{"test":"test"},"scripts":{"test":"mocha test.js"},"repository":{"type":"git","url":"https://github.com/gobwas/gulp-safe.git"},"keywords":["gulpplugin","safe","backup","file","rename","postfix"],"author":{"name":"Sergey Kamardin","email":"gobwas@gmail.com"},"license":"MIT","bugs":{"url":"https://github.com/gobwas/gulp-safe/issues"},"homepage":"https://github.com/gobwas/gulp-safe","dependencies":{"through2":"^0.5.1","lodash":"^2.4.1","gulp-util":"^2.2.19","ncp":"^0.5.1"},"devDependencies":{"rimraf":"^2.2.8","vinyl":"^0.2.3","mocha":"^1.20.1","chai":"^1.9.1"},"_id":"gulp-safe@0.2.1","dist":{"shasum":"4e20102504263fa81d4caa85ed1430b7c95cf0e2","tarball":"http://registry.npmjs.org/gulp-safe/-/gulp-safe-0.2.1.tgz"},"_from":".","_npmVersion":"1.4.3","_npmUser":{"name":"gobwas","email":"gobwas@gmail.com"},"maintainers":[{"name":"gobwas","email":"gobwas@gmail.com"}]}
94 error new={"name":"gulp-safe","version":"0.2.1","description":"Safe proxy for output files","main":"index.js","directories":{"test":"test"},"scripts":{"test":"mocha test.js"},"repository":{"type":"git","url":"https://github.com/gobwas/gulp-safe.git"},"keywords":["gulpplugin","safe","backup","file","rename","postfix"],"author":{"name":"Sergey Kamardin","email":"gobwas@gmail.com"},"license":"MIT","bugs":{"url":"https://github.com/gobwas/gulp-safe/issues"},"homepage":"https://github.com/gobwas/gulp-safe","dependencies":{"through2":"^0.5.1","lodash":"^2.4.1","gulp-util":"^2.2.19","ncp":"^0.5.1"},"devDependencies":{"rimraf":"^2.2.8","vinyl":"^0.2.3","mocha":"^1.20.1","chai":"^1.9.1"},"readme":"# [gulp](http://gulpjs.com)-safe\u000a\u000a> Simple way to backup your files\u000a\u000aSimple pass through gulp plugin, that creates backup copy of your file(s) in two ways - by appending postfix to new, or, to existing file.\u000a\u000a## Getting started\u000a\u000aIf you haven't used [gulp](http://gulpjs.com) before, be sure to check out the [Getting Started](https://github.com/gulpjs/gulp/blob/master/docs/getting-started.md) guide.\u000a\u000aInstall with [npm](https://npmjs.org/package/gulp-safe)\u000a\u000a```\u000anpm install --save-dev gulp-safe\u000a```\u000a\u000a## Overview\u000a\u000aHere quick example of simple way usage:\u000a\u000a```javascript\u000avar gulp = require('gulp'),\u000a\u0009safe = require('gulp-safe');\u000a\u000agulp.task('make-my-awesome-files', function() {\u000a\u0009var dest;\u000a\u000a\u0009dest = \"./my/dest/for/files\";\u000a\u000a\u0009return gulp.src(\"./src/my/files/*.json\")\u000a\u0009\u0009.pipe(someCoolPlugin())\u000a\u0009\u0009.pipe(anotherCoolPlugin())\u000a\u0009\u0009.pipe(safe(dest)) // here we go! just backup already existing files before they overwritten\u000a\u0009\u0009.pipe(gulp.dest(dest));\u000a});\u000a```\u000a\u000a## API\u000a\u000a### safe(destination, [options])\u000a\u000a#### destination\u000a\u000aType: `String`\u000a\u000aThe destination directory. Same as you put into `gulp.dest()`.\u000a\u000aThis is needed to be able to compare the current existing files with the destination files.\u000a\u000a#### options\u000a\u000aType: `Object`\u000a\u000aThen options object.\u000a\u000aProperty     | Necessary | Type       | Plugin default value\u000a-------------|-----------|------------|---------------------\u000a[backup]     | no        | `Boolean`  | `true`\u000a[format]     | no        | `String`   | `\"(%s)\"`\u000a[generator]  | no        | `Function` | `null`\u000a\u000a#### options.backup\u000aType: `Boolean`\u000aDefault value: `true`\u000a\u000aDetermines for which file append postfix - if true, existing file will get the postfix, like it will be backuped. If false - the new one file will get the postfix.\u000a\u000a#### options.format\u000aType: `Boolean`\u000aDefault value: `\"(%s)\"`\u000a\u000aThe sprintf format of postfix. Be careful with it, cause if you will do not use `%s` pattern inside it, your plugin can fall in infinite loop.\u000a\u000a#### options.generator\u000aType: `Function`\u000aDefault value: `null`\u000aReturn type: `Function`\u000a\u000aCurrying generator of file version. Function takes one argument - the file. Then it must return initialized generator, that will be called in each time, when file is already exists. Initialized generator takes one argument, that is callback, that resolved in standard node way - `callback(err, version)`, where version is a `String`:\u000a```js\u000a\u000a\u0009safe(\"path\", {\u000a\u0009\u0009generator: function(file) {\u000a\u0009\u0009\u0009return function(done) {\u000a\u0009\u0009\u0009\u0009getSomeAsyncStuffWith(file)\u000a\u0009\u0009\u0009\u0009\u0009.then(function(result) {\u000a\u0009\u0009\u0009\u0009\u0009\u0009done(null, result);\u000a\u0009\u0009\u0009\u0009\u0009})\u000a\u0009\u0009\u0009\u0009\u0009.catch(done);\u000a\u0009\u0009\u0009}\u000a\u0009\u0009}\u000a\u0009});\u000a\u000a```\u000a","readmeFilename":"readme.md","_id":"gulp-safe@0.2.1","dist":{"shasum":"bc01e86e63641376fae6adf3e37f847c393e7a41","tarball":"http://registry.npmjs.org/gulp-safe/-/gulp-safe-0.2.1.tgz"},"_from":".","_npmVersion":"1.4.3","_npmUser":{"name":"gobwas","email":"gobwas@gmail.com"},"maintainers":[{"name":"gobwas","email":"gobwas@gmail.com"}]}: gulp-safe
94 error     at RegClient.<anonymous> (C:\Program Files\nodejs\node_modules\npm\node_modules\npm-registry-client\lib\request.js:237:14)
94 error     at Request.self.callback (C:\Program Files\nodejs\node_modules\npm\node_modules\request\request.js:123:22)
94 error     at Request.EventEmitter.emit (events.js:98:17)
94 error     at Request.<anonymous> (C:\Program Files\nodejs\node_modules\npm\node_modules\request\request.js:893:14)
94 error     at Request.EventEmitter.emit (events.js:117:20)
94 error     at IncomingMessage.<anonymous> (C:\Program Files\nodejs\node_modules\npm\node_modules\request\request.js:844:12)
94 error     at IncomingMessage.EventEmitter.emit (events.js:117:20)
94 error     at _stream_readable.js:920:16
94 error     at process._tickCallback (node.js:415:13)
95 error If you need help, you may report this *entire* log,
95 error including the npm and node versions, at:
95 error     <http://github.com/npm/npm/issues>
96 error System Windows_NT 6.1.7601
97 error command "C:\\Program Files\\nodejs\\\\node.exe" "C:\\Program Files\\nodejs\\node_modules\\npm\\bin\\npm-cli.js" "publish"
98 error cwd C:\Users\s.kamardin\dev-nix\gulp-safe
99 error node -v v0.10.26
100 error npm -v 1.4.3
101 verbose exit [ 1, true ]
